<?xml version="1.0" encoding="UTF-8"?>
<!-- Generated by org.testng.reporters.JUnitReportReporter -->
<testsuite hostname="DESKTOP-204POHP" failures="0" tests="1" name="packagename.ProjectName.Testcase1" time="49.947" errors="0" timestamp="2025-04-02T22:31:38 IST" skipped="0">
  <testcase classname="packagename.ProjectName.Testcase1" name="login_search_wishlist_cart_logout" time="49.947"/>
  <system-out/>
</testsuite> <!-- packagename.ProjectName.Testcase1 -->
