<?xml version="1.0" encoding="UTF-8"?>
<!-- Generated by org.testng.reporters.JUnitReportReporter -->
<testsuite hostname="DESKTOP-204POHP" failures="0" tests="1" name="packagename.ProjectName.Testcase2" time="61.387" errors="0" timestamp="2025-03-29T16:17:55 IST" skipped="0">
  <testcase classname="packagename.ProjectName.Testcase2" name="login_search_wishlist_cart_removingfromcart_logout" time="61.387"/>
  <system-out/>
</testsuite> <!-- packagename.ProjectName.Testcase2 -->
