<?xml version="1.0" encoding="UTF-8"?>
<!-- Generated by org.testng.reporters.JUnitReportReporter -->
<testsuite hostname="DESKTOP-204POHP" failures="0" tests="1" name="packagename.ProjectName.Testcase1" time="59.585" errors="0" timestamp="2025-03-29T16:19:12 IST" skipped="0">
  <testcase classname="packagename.ProjectName.Testcase1" name="login_search_wishlist_cart_logout" time="59.585"/>
  <system-out/>
</testsuite> <!-- packagename.ProjectName.Testcase1 -->
