<?xml version="1.0" encoding="UTF-8"?>
<!-- Generated by org.testng.reporters.JUnitReportReporter -->
<testsuite hostname="DESKTOP-204POHP" failures="0" tests="1" name="packagename.ProjectName.First_Program" time="23.242" errors="0" timestamp="2025-02-27T16:24:38 IST" skipped="0">
  <testcase classname="packagename.ProjectName.First_Program" name="login" time="23.242"/>
  <system-out/>
</testsuite> <!-- packagename.ProjectName.First_Program -->
