<?xml version="1.0" encoding="UTF-8"?>
<!-- Generated by org.testng.reporters.JUnitReportReporter -->
<testsuite hostname="DESKTOP-204POHP" failures="0" tests="1" name="packagename.ProjectName.Testcase3" time="41.670" errors="0" timestamp="2025-04-02T22:33:34 IST" skipped="0">
  <testcase classname="packagename.ProjectName.Testcase3" name="login_search_wishlist_cart_updating_newddress_logout" time="41.670"/>
  <system-out/>
</testsuite> <!-- packagename.ProjectName.Testcase3 -->
