<?xml version="1.0" encoding="UTF-8"?>
<!-- Generated by org.testng.reporters.JUnitReportReporter -->
<testsuite hostname="DESKTOP-204POHP" failures="0" tests="1" name="packagename.ProjectName.First" time="0.016" errors="0" timestamp="2025-02-26T23:37:46 IST" skipped="0">
  <testcase classname="packagename.ProjectName.First" name="testcase1" time="0.016"/>
  <system-out/>
</testsuite> <!-- packagename.ProjectName.First -->
