<?xml version="1.0" encoding="UTF-8"?>
<!-- Generated by org.testng.reporters.JUnitReportReporter -->
<testsuite hostname="DESKTOP-204POHP" failures="0" tests="1" name="packagename.ProjectName.Testcase2" time="42.772" errors="0" timestamp="2025-04-02T22:35:47 IST" skipped="0">
  <testcase classname="packagename.ProjectName.Testcase2" name="login_search_wishlist_cart_removingfromcart_logout" time="42.772"/>
</testsuite> <!-- packagename.ProjectName.Testcase2 -->
