<?xml version="1.0" encoding="UTF-8"?>
<!-- Generated by org.testng.reporters.JUnitReportReporter -->
<testsuite hostname="DESKTOP-204POHP" failures="0" tests="1" name="packagename.ProjectName.Testcase1" time="100.266" errors="0" timestamp="2025-03-31T21:03:39 IST" skipped="0">
  <testcase classname="packagename.ProjectName.Testcase1" name="login_search_wishlist_cart_logout" time="100.266"/>
</testsuite> <!-- packagename.ProjectName.Testcase1 -->
