<?xml version="1.0" encoding="UTF-8"?>
<!-- Generated by org.testng.reporters.JUnitReportReporter -->
<testsuite hostname="DESKTOP-204POHP" failures="0" tests="1" name="packagename.ProjectName.Testcase3" time="32.648" errors="0" timestamp="2025-04-02T22:35:47 IST" skipped="0">
  <testcase classname="packagename.ProjectName.Testcase3" name="login_search_wishlist_cart_updating_newddress_logout" time="32.648"/>
</testsuite> <!-- packagename.ProjectName.Testcase3 -->
